app/build/intermediates/manifest_merge_blame_file/debug/manifest-merger-blame-debug-report.txt
1<?xml version="1.0" encoding="utf-8"?>
2<manifest xmlns:android="http://schemas.android.com/apk/res/android"
3    package="com.leo.riverguard"
4    android:versionCode="1"
5    android:versionName="1.0" >
6
7    <uses-sdk
8        android:minSdkVersion="24"
9        android:targetSdkVersion="33" />
10
11    <uses-permission android:name="android.permission.INTERNET" />
11-->src\main\AndroidManifest.xml:5:5-67
11-->src\main\AndroidManifest.xml:5:22-64
12    <uses-permission android:name="android.permission.READ_EXTERNAL_STORAGE" />
12-->src\main\AndroidManifest.xml:6:5-80
12-->src\main\AndroidManifest.xml:6:22-77
13    <uses-permission android:name="android.permission.WRITE_EXTERNAL_STORAGE" />
13-->src\main\AndroidManifest.xml:7:5-81
13-->src\main\AndroidManifest.xml:7:22-78
14    <uses-permission android:name="android.permission.BLUETOOTH" />
14-->src\main\AndroidManifest.xml:10:5-68
14-->src\main\AndroidManifest.xml:10:22-65
15    <uses-permission android:name="android.permission.BLUETOOTH_ADMIN" />
15-->src\main\AndroidManifest.xml:11:5-74
15-->src\main\AndroidManifest.xml:11:22-71
16    <uses-permission android:name="android.permission.BLUETOOTH_ADVERTISE" />
16-->src\main\AndroidManifest.xml:12:5-78
16-->src\main\AndroidManifest.xml:12:22-75
17    <uses-permission android:name="android.permission.BLUETOOTH_CONNECT" />
17-->src\main\AndroidManifest.xml:13:5-76
17-->src\main\AndroidManifest.xml:13:22-73
18    <uses-permission android:name="android.permission.BLUETOOTH_SCAN" />
18-->src\main\AndroidManifest.xml:14:5-73
18-->src\main\AndroidManifest.xml:14:22-70
19    <uses-permission android:name="android.permission.ACCESS_NETWORK_STATE" />
19-->[com.google.firebase:firebase-auth:22.3.1] AndroidManifest.xml:26:5-79
19-->[com.google.firebase:firebase-auth:22.3.1] AndroidManifest.xml:26:22-76
20    <uses-permission android:name="com.google.android.providers.gsf.permission.READ_GSERVICES" />
20-->[com.google.android.recaptcha:recaptcha:18.4.0] AndroidManifest.xml:9:5-98
20-->[com.google.android.recaptcha:recaptcha:18.4.0] AndroidManifest.xml:9:22-95
21
22    <permission
22-->[androidx.core:core:1.9.0] AndroidManifest.xml:22:5-24:47
23        android:name="com.leo.riverguard.DYNAMIC_RECEIVER_NOT_EXPORTED_PERMISSION"
23-->[androidx.core:core:1.9.0] AndroidManifest.xml:23:9-81
24        android:protectionLevel="signature" />
24-->[androidx.core:core:1.9.0] AndroidManifest.xml:24:9-44
25
26    <uses-permission android:name="com.leo.riverguard.DYNAMIC_RECEIVER_NOT_EXPORTED_PERMISSION" />
26-->[androidx.core:core:1.9.0] AndroidManifest.xml:26:5-97
26-->[androidx.core:core:1.9.0] AndroidManifest.xml:26:22-94
27
28    <application
28-->src\main\AndroidManifest.xml:16:5-57:19
29        android:allowBackup="true"
29-->src\main\AndroidManifest.xml:17:9-35
30        android:appComponentFactory="androidx.core.app.CoreComponentFactory"
30-->[androidx.core:core:1.9.0] AndroidManifest.xml:28:18-86
31        android:dataExtractionRules="@xml/data_extraction_rules"
31-->src\main\AndroidManifest.xml:18:9-65
32        android:debuggable="true"
33        android:extractNativeLibs="false"
34        android:fullBackupContent="@xml/backup_rules"
34-->src\main\AndroidManifest.xml:19:9-54
35        android:icon="@mipmap/ic_launcher"
35-->src\main\AndroidManifest.xml:20:9-43
36        android:label="@string/app_name"
36-->src\main\AndroidManifest.xml:21:9-41
37        android:roundIcon="@mipmap/ic_launcher_round"
37-->src\main\AndroidManifest.xml:22:9-54
38        android:supportsRtl="true"
38-->src\main\AndroidManifest.xml:23:9-35
39        android:testOnly="true"
40        android:theme="@style/Theme.RiverGuard" >
40-->src\main\AndroidManifest.xml:24:9-48
41        <activity
41-->src\main\AndroidManifest.xml:26:9-28:40
42            android:name="com.leo.riverguard.IdrInfoActivity"
42-->src\main\AndroidManifest.xml:27:13-44
43            android:exported="false" />
43-->src\main\AndroidManifest.xml:28:13-37
44        <activity
44-->src\main\AndroidManifest.xml:29:9-31:40
45            android:name="com.leo.riverguard.UltrasonicInfoActivity"
45-->src\main\AndroidManifest.xml:30:13-51
46            android:exported="false" />
46-->src\main\AndroidManifest.xml:31:13-37
47        <activity
47-->src\main\AndroidManifest.xml:32:9-34:40
48            android:name="com.leo.riverguard.UserProfileActivity"
48-->src\main\AndroidManifest.xml:33:13-48
49            android:exported="false" />
49-->src\main\AndroidManifest.xml:34:13-37
50        <activity
50-->src\main\AndroidManifest.xml:35:9-37:40
51            android:name="com.leo.riverguard.BluetoothConnectionActivity"
51-->src\main\AndroidManifest.xml:36:13-56
52            android:exported="false" />
52-->src\main\AndroidManifest.xml:37:13-37
53        <activity
53-->src\main\AndroidManifest.xml:38:9-40:40
54            android:name="com.leo.riverguard.RegisterActivity"
54-->src\main\AndroidManifest.xml:39:13-45
55            android:exported="false" />
55-->src\main\AndroidManifest.xml:40:13-37
56        <activity
56-->src\main\AndroidManifest.xml:41:9-43:40
57            android:name="com.leo.riverguard.LoginActivity"
57-->src\main\AndroidManifest.xml:42:13-42
58            android:exported="false" />
58-->src\main\AndroidManifest.xml:43:13-37
59        <activity
59-->src\main\AndroidManifest.xml:44:9-52:20
60            android:name="com.leo.riverguard.MainActivity"
60-->src\main\AndroidManifest.xml:45:13-41
61            android:exported="true" >
61-->src\main\AndroidManifest.xml:46:13-36
62            <intent-filter>
62-->src\main\AndroidManifest.xml:47:13-51:29
63                <action android:name="android.intent.action.MAIN" />
63-->src\main\AndroidManifest.xml:48:17-69
63-->src\main\AndroidManifest.xml:48:25-66
64
65                <category android:name="android.intent.category.LAUNCHER" />
65-->src\main\AndroidManifest.xml:50:17-77
65-->src\main\AndroidManifest.xml:50:27-74
66            </intent-filter>
67        </activity>
68
69        <meta-data
69-->src\main\AndroidManifest.xml:54:9-56:57
70            android:name="preloaded_fonts"
70-->src\main\AndroidManifest.xml:55:13-43
71            android:resource="@array/preloaded_fonts" />
71-->src\main\AndroidManifest.xml:56:13-54
72
73        <activity
73-->[com.google.firebase:firebase-auth:22.3.1] AndroidManifest.xml:29:9-46:20
74            android:name="com.google.firebase.auth.internal.GenericIdpActivity"
74-->[com.google.firebase:firebase-auth:22.3.1] AndroidManifest.xml:30:13-80
75            android:excludeFromRecents="true"
75-->[com.google.firebase:firebase-auth:22.3.1] AndroidManifest.xml:31:13-46
76            android:exported="true"
76-->[com.google.firebase:firebase-auth:22.3.1] AndroidManifest.xml:32:13-36
77            android:launchMode="singleTask"
77-->[com.google.firebase:firebase-auth:22.3.1] AndroidManifest.xml:33:13-44
78            android:theme="@android:style/Theme.Translucent.NoTitleBar" >
78-->[com.google.firebase:firebase-auth:22.3.1] AndroidManifest.xml:34:13-72
79            <intent-filter>
79-->[com.google.firebase:firebase-auth:22.3.1] AndroidManifest.xml:35:13-45:29
80                <action android:name="android.intent.action.VIEW" />
80-->[com.google.firebase:firebase-auth:22.3.1] AndroidManifest.xml:36:17-69
80-->[com.google.firebase:firebase-auth:22.3.1] AndroidManifest.xml:36:25-66
81
82                <category android:name="android.intent.category.DEFAULT" />
82-->[com.google.firebase:firebase-auth:22.3.1] AndroidManifest.xml:38:17-76
82-->[com.google.firebase:firebase-auth:22.3.1] AndroidManifest.xml:38:27-73
83                <category android:name="android.intent.category.BROWSABLE" />
83-->[com.google.firebase:firebase-auth:22.3.1] AndroidManifest.xml:39:17-78
83-->[com.google.firebase:firebase-auth:22.3.1] AndroidManifest.xml:39:27-75
84
85                <data
85-->[com.google.firebase:firebase-auth:22.3.1] AndroidManifest.xml:41:17-44:51
86                    android:host="firebase.auth"
86-->[com.google.firebase:firebase-auth:22.3.1] AndroidManifest.xml:42:21-49
87                    android:path="/"
87-->[com.google.firebase:firebase-auth:22.3.1] AndroidManifest.xml:43:21-37
88                    android:scheme="genericidp" />
88-->[com.google.firebase:firebase-auth:22.3.1] AndroidManifest.xml:44:21-48
89            </intent-filter>
90        </activity>
91        <activity
91-->[com.google.firebase:firebase-auth:22.3.1] AndroidManifest.xml:47:9-64:20
92            android:name="com.google.firebase.auth.internal.RecaptchaActivity"
92-->[com.google.firebase:firebase-auth:22.3.1] AndroidManifest.xml:48:13-79
93            android:excludeFromRecents="true"
93-->[com.google.firebase:firebase-auth:22.3.1] AndroidManifest.xml:49:13-46
94            android:exported="true"
94-->[com.google.firebase:firebase-auth:22.3.1] AndroidManifest.xml:50:13-36
95            android:launchMode="singleTask"
95-->[com.google.firebase:firebase-auth:22.3.1] AndroidManifest.xml:51:13-44
96            android:theme="@android:style/Theme.Translucent.NoTitleBar" >
96-->[com.google.firebase:firebase-auth:22.3.1] AndroidManifest.xml:52:13-72
97            <intent-filter>
97-->[com.google.firebase:firebase-auth:22.3.1] AndroidManifest.xml:53:13-63:29
98                <action android:name="android.intent.action.VIEW" />
98-->[com.google.firebase:firebase-auth:22.3.1] AndroidManifest.xml:36:17-69
98-->[com.google.firebase:firebase-auth:22.3.1] AndroidManifest.xml:36:25-66
99
100                <category android:name="android.intent.category.DEFAULT" />
100-->[com.google.firebase:firebase-auth:22.3.1] AndroidManifest.xml:38:17-76
100-->[com.google.firebase:firebase-auth:22.3.1] AndroidManifest.xml:38:27-73
101                <category android:name="android.intent.category.BROWSABLE" />
101-->[com.google.firebase:firebase-auth:22.3.1] AndroidManifest.xml:39:17-78
101-->[com.google.firebase:firebase-auth:22.3.1] AndroidManifest.xml:39:27-75
102
103                <data
103-->[com.google.firebase:firebase-auth:22.3.1] AndroidManifest.xml:41:17-44:51
104                    android:host="firebase.auth"
104-->[com.google.firebase:firebase-auth:22.3.1] AndroidManifest.xml:42:21-49
105                    android:path="/"
105-->[com.google.firebase:firebase-auth:22.3.1] AndroidManifest.xml:43:21-37
106                    android:scheme="recaptcha" />
106-->[com.google.firebase:firebase-auth:22.3.1] AndroidManifest.xml:44:21-48
107            </intent-filter>
108        </activity>
109
110        <service
110-->[com.google.firebase:firebase-auth:22.3.1] AndroidManifest.xml:66:9-72:19
111            android:name="com.google.firebase.components.ComponentDiscoveryService"
111-->[com.google.firebase:firebase-auth:22.3.1] AndroidManifest.xml:67:13-84
112            android:directBootAware="true"
112-->[com.google.firebase:firebase-common:20.4.2] AndroidManifest.xml:32:13-43
113            android:exported="false" >
113-->[com.google.firebase:firebase-auth:22.3.1] AndroidManifest.xml:68:13-37
114            <meta-data
114-->[com.google.firebase:firebase-auth:22.3.1] AndroidManifest.xml:69:13-71:85
115                android:name="com.google.firebase.components:com.google.firebase.auth.FirebaseAuthRegistrar"
115-->[com.google.firebase:firebase-auth:22.3.1] AndroidManifest.xml:70:17-109
116                android:value="com.google.firebase.components.ComponentRegistrar" />
116-->[com.google.firebase:firebase-auth:22.3.1] AndroidManifest.xml:71:17-82
117            <meta-data
117-->[com.google.firebase:firebase-database:20.3.1] AndroidManifest.xml:29:13-31:85
118                android:name="com.google.firebase.components:com.google.firebase.database.FirebaseDatabaseKtxRegistrar"
118-->[com.google.firebase:firebase-database:20.3.1] AndroidManifest.xml:30:17-120
119                android:value="com.google.firebase.components.ComponentRegistrar" />
119-->[com.google.firebase:firebase-database:20.3.1] AndroidManifest.xml:31:17-82
120            <meta-data
120-->[com.google.firebase:firebase-database:20.3.1] AndroidManifest.xml:32:13-34:85
121                android:name="com.google.firebase.components:com.google.firebase.database.DatabaseRegistrar"
121-->[com.google.firebase:firebase-database:20.3.1] AndroidManifest.xml:33:17-109
122                android:value="com.google.firebase.components.ComponentRegistrar" />
122-->[com.google.firebase:firebase-database:20.3.1] AndroidManifest.xml:34:17-82
123            <meta-data
123-->[com.google.firebase:firebase-common-ktx:20.4.2] AndroidManifest.xml:12:13-14:85
124                android:name="com.google.firebase.components:com.google.firebase.ktx.FirebaseCommonLegacyRegistrar"
124-->[com.google.firebase:firebase-common-ktx:20.4.2] AndroidManifest.xml:13:17-116
125                android:value="com.google.firebase.components.ComponentRegistrar" />
125-->[com.google.firebase:firebase-common-ktx:20.4.2] AndroidManifest.xml:14:17-82
126            <meta-data
126-->[com.google.firebase:firebase-common:20.4.2] AndroidManifest.xml:35:13-37:85
127                android:name="com.google.firebase.components:com.google.firebase.FirebaseCommonKtxRegistrar"
127-->[com.google.firebase:firebase-common:20.4.2] AndroidManifest.xml:36:17-109
128                android:value="com.google.firebase.components.ComponentRegistrar" />
128-->[com.google.firebase:firebase-common:20.4.2] AndroidManifest.xml:37:17-82
129        </service>
130
131        <provider
131-->[com.google.firebase:firebase-common:20.4.2] AndroidManifest.xml:23:9-28:39
132            android:name="com.google.firebase.provider.FirebaseInitProvider"
132-->[com.google.firebase:firebase-common:20.4.2] AndroidManifest.xml:24:13-77
133            android:authorities="com.leo.riverguard.firebaseinitprovider"
133-->[com.google.firebase:firebase-common:20.4.2] AndroidManifest.xml:25:13-72
134            android:directBootAware="true"
134-->[com.google.firebase:firebase-common:20.4.2] AndroidManifest.xml:26:13-43
135            android:exported="false"
135-->[com.google.firebase:firebase-common:20.4.2] AndroidManifest.xml:27:13-37
136            android:initOrder="100" />
136-->[com.google.firebase:firebase-common:20.4.2] AndroidManifest.xml:28:13-36
137
138        <activity
138-->[com.google.android.gms:play-services-base:18.1.0] AndroidManifest.xml:20:9-22:45
139            android:name="com.google.android.gms.common.api.GoogleApiActivity"
139-->[com.google.android.gms:play-services-base:18.1.0] AndroidManifest.xml:20:19-85
140            android:exported="false"
140-->[com.google.android.gms:play-services-base:18.1.0] AndroidManifest.xml:22:19-43
141            android:theme="@android:style/Theme.Translucent.NoTitleBar" />
141-->[com.google.android.gms:play-services-base:18.1.0] AndroidManifest.xml:21:19-78
142
143        <provider
143-->[androidx.emoji2:emoji2:1.2.0] AndroidManifest.xml:24:9-32:20
144            android:name="androidx.startup.InitializationProvider"
144-->[androidx.emoji2:emoji2:1.2.0] AndroidManifest.xml:25:13-67
145            android:authorities="com.leo.riverguard.androidx-startup"
145-->[androidx.emoji2:emoji2:1.2.0] AndroidManifest.xml:26:13-68
146            android:exported="false" >
146-->[androidx.emoji2:emoji2:1.2.0] AndroidManifest.xml:27:13-37
147            <meta-data
147-->[androidx.emoji2:emoji2:1.2.0] AndroidManifest.xml:29:13-31:52
148                android:name="androidx.emoji2.text.EmojiCompatInitializer"
148-->[androidx.emoji2:emoji2:1.2.0] AndroidManifest.xml:30:17-75
149                android:value="androidx.startup" />
149-->[androidx.emoji2:emoji2:1.2.0] AndroidManifest.xml:31:17-49
150            <meta-data
150-->[androidx.lifecycle:lifecycle-process:2.6.1] AndroidManifest.xml:29:13-31:52
151                android:name="androidx.lifecycle.ProcessLifecycleInitializer"
151-->[androidx.lifecycle:lifecycle-process:2.6.1] AndroidManifest.xml:30:17-78
152                android:value="androidx.startup" />
152-->[androidx.lifecycle:lifecycle-process:2.6.1] AndroidManifest.xml:31:17-49
153            <meta-data
153-->[androidx.profileinstaller:profileinstaller:1.3.0] AndroidManifest.xml:29:13-31:52
154                android:name="androidx.profileinstaller.ProfileInstallerInitializer"
154-->[androidx.profileinstaller:profileinstaller:1.3.0] AndroidManifest.xml:30:17-85
155                android:value="androidx.startup" />
155-->[androidx.profileinstaller:profileinstaller:1.3.0] AndroidManifest.xml:31:17-49
156        </provider>
157
158        <meta-data
158-->[com.google.android.gms:play-services-basement:18.3.0] AndroidManifest.xml:21:9-23:69
159            android:name="com.google.android.gms.version"
159-->[com.google.android.gms:play-services-basement:18.3.0] AndroidManifest.xml:22:13-58
160            android:value="@integer/google_play_services_version" />
160-->[com.google.android.gms:play-services-basement:18.3.0] AndroidManifest.xml:23:13-66
161
162        <receiver
162-->[androidx.profileinstaller:profileinstaller:1.3.0] AndroidManifest.xml:34:9-52:20
163            android:name="androidx.profileinstaller.ProfileInstallReceiver"
163-->[androidx.profileinstaller:profileinstaller:1.3.0] AndroidManifest.xml:35:13-76
164            android:directBootAware="false"
164-->[androidx.profileinstaller:profileinstaller:1.3.0] AndroidManifest.xml:36:13-44
165            android:enabled="true"
165-->[androidx.profileinstaller:profileinstaller:1.3.0] AndroidManifest.xml:37:13-35
166            android:exported="true"
166-->[androidx.profileinstaller:profileinstaller:1.3.0] AndroidManifest.xml:38:13-36
167            android:permission="android.permission.DUMP" >
167-->[androidx.profileinstaller:profileinstaller:1.3.0] AndroidManifest.xml:39:13-57
168            <intent-filter>
168-->[androidx.profileinstaller:profileinstaller:1.3.0] AndroidManifest.xml:40:13-42:29
169                <action android:name="androidx.profileinstaller.action.INSTALL_PROFILE" />
169-->[androidx.profileinstaller:profileinstaller:1.3.0] AndroidManifest.xml:41:17-91
169-->[androidx.profileinstaller:profileinstaller:1.3.0] AndroidManifest.xml:41:25-88
170            </intent-filter>
171            <intent-filter>
171-->[androidx.profileinstaller:profileinstaller:1.3.0] AndroidManifest.xml:43:13-45:29
172                <action android:name="androidx.profileinstaller.action.SKIP_FILE" />
172-->[androidx.profileinstaller:profileinstaller:1.3.0] AndroidManifest.xml:44:17-85
172-->[androidx.profileinstaller:profileinstaller:1.3.0] AndroidManifest.xml:44:25-82
173            </intent-filter>
174            <intent-filter>
174-->[androidx.profileinstaller:profileinstaller:1.3.0] AndroidManifest.xml:46:13-48:29
175                <action android:name="androidx.profileinstaller.action.SAVE_PROFILE" />
175-->[androidx.profileinstaller:profileinstaller:1.3.0] AndroidManifest.xml:47:17-88
175-->[androidx.profileinstaller:profileinstaller:1.3.0] AndroidManifest.xml:47:25-85
176            </intent-filter>
177            <intent-filter>
177-->[androidx.profileinstaller:profileinstaller:1.3.0] AndroidManifest.xml:49:13-51:29
178                <action android:name="androidx.profileinstaller.action.BENCHMARK_OPERATION" />
178-->[androidx.profileinstaller:profileinstaller:1.3.0] AndroidManifest.xml:50:17-95
178-->[androidx.profileinstaller:profileinstaller:1.3.0] AndroidManifest.xml:50:25-92
179            </intent-filter>
180        </receiver>
181    </application>
182
183</manifest>